2019-05-28 09:46:29,938 INFO o.a.j.u.JMeterUtils: Setting Locale to en_EN
2019-05-28 09:46:29,969 INFO o.a.j.JMeter: Loading user properties from: /usr/local/Cellar/jmeter/4.0/libexec/bin/user.properties
2019-05-28 09:46:29,969 INFO o.a.j.JMeter: Loading system properties from: /usr/local/Cellar/jmeter/4.0/libexec/bin/system.properties
2019-05-28 09:46:29,976 INFO o.a.j.JMeter: Copyright (c) 1998-2018 The Apache Software Foundation
2019-05-28 09:46:29,976 INFO o.a.j.JMeter: Version 4.0 r1823414
2019-05-28 09:46:29,976 INFO o.a.j.JMeter: java.version=1.8.0_171
2019-05-28 09:46:29,976 INFO o.a.j.JMeter: java.vm.name=Java HotSpot(TM) 64-Bit Server VM
2019-05-28 09:46:29,976 INFO o.a.j.JMeter: os.name=Mac OS X
2019-05-28 09:46:29,977 INFO o.a.j.JMeter: os.arch=x86_64
2019-05-28 09:46:29,977 INFO o.a.j.JMeter: os.version=10.14.5
2019-05-28 09:46:29,977 INFO o.a.j.JMeter: file.encoding=UTF-8
2019-05-28 09:46:29,977 INFO o.a.j.JMeter: Max memory     =1073741824
2019-05-28 09:46:29,977 INFO o.a.j.JMeter: Available Processors =8
2019-05-28 09:46:29,983 INFO o.a.j.JMeter: Default Locale=English (EN)
2019-05-28 09:46:29,983 INFO o.a.j.JMeter: JMeter  Locale=English (EN)
2019-05-28 09:46:29,984 INFO o.a.j.JMeter: JMeterHome=/usr/local/Cellar/jmeter/4.0/libexec
2019-05-28 09:46:29,984 INFO o.a.j.JMeter: user.dir  =/Users/stanleyf/git/swampup2019/su-116-advance-automation/module3
2019-05-28 09:46:29,984 INFO o.a.j.JMeter: PWD       =/Users/stanleyf/git/swampup2019/su-116-advance-automation/module3
2019-05-28 09:46:30,111 INFO o.a.j.JMeter: IP: 10.6.20.172 Name: stanleyf-mac FullName: 10.6.20.172
2019-05-28 09:46:31,995 INFO o.a.j.g.a.LookAndFeelCommand: Installing Darcula LAF
2019-05-28 09:46:32,019 INFO o.a.j.g.a.LookAndFeelCommand: Using look and feel: javax.swing.plaf.metal.MetalLookAndFeel [Darcula]
2019-05-28 09:46:32,019 INFO o.a.j.JMeter: Setting LAF to: javax.swing.plaf.metal.MetalLookAndFeel
2019-05-28 09:46:32,039 INFO o.a.j.JMeter: Loaded icon properties from org/apache/jmeter/images/icon.properties
2019-05-28 09:46:32,534 INFO o.a.j.e.u.CompoundVariable: Note: Function class names must contain the string: '.functions.'
2019-05-28 09:46:32,534 INFO o.a.j.e.u.CompoundVariable: Note: Function class names must not contain the string: '.gui.'
2019-05-28 09:46:33,946 INFO o.a.j.p.h.s.HTTPSamplerBase: Parser for text/html is org.apache.jmeter.protocol.http.parser.LagartoBasedHtmlParser
2019-05-28 09:46:33,946 INFO o.a.j.p.h.s.HTTPSamplerBase: Parser for application/xhtml+xml is org.apache.jmeter.protocol.http.parser.LagartoBasedHtmlParser
2019-05-28 09:46:33,947 INFO o.a.j.p.h.s.HTTPSamplerBase: Parser for application/xml is org.apache.jmeter.protocol.http.parser.LagartoBasedHtmlParser
2019-05-28 09:46:33,947 INFO o.a.j.p.h.s.HTTPSamplerBase: Parser for text/xml is org.apache.jmeter.protocol.http.parser.LagartoBasedHtmlParser
2019-05-28 09:46:33,947 INFO o.a.j.p.h.s.HTTPSamplerBase: Parser for text/vnd.wap.wml is org.apache.jmeter.protocol.http.parser.RegexpHTMLParser
2019-05-28 09:46:33,947 INFO o.a.j.p.h.s.HTTPSamplerBase: Parser for text/css is org.apache.jmeter.protocol.http.parser.CssParser
2019-05-28 09:46:34,354 INFO o.a.j.e.KeyToolUtils: keytool found at 'keytool'
2019-05-28 09:46:34,355 INFO o.a.j.p.h.p.ProxyControl: HTTP(S) Test Script Recorder SSL Proxy will use keys that support embedded 3rd party resources in file /usr/local/Cellar/jmeter/4.0/libexec/bin/proxyserver.jks
2019-05-28 09:46:34,457 INFO o.a.j.s.FileServer: Default base='/Users/stanleyf/git/swampup2019/su-116-advance-automation/module3'
2019-05-28 09:46:34,747 INFO o.a.j.s.SampleResult: Note: Sample TimeStamps are START times
2019-05-28 09:46:34,748 INFO o.a.j.s.SampleResult: sampleresult.default.encoding is set to ISO-8859-1
2019-05-28 09:46:34,748 INFO o.a.j.s.SampleResult: sampleresult.useNanoTime=true
2019-05-28 09:46:34,748 INFO o.a.j.s.SampleResult: sampleresult.nanoThreadSleep=5000
2019-05-28 09:46:44,236 INFO o.a.j.g.a.Load: Loading file: /Users/stanleyf/projects/caddyshack/loadtest/gocenteres.jmx
2019-05-28 09:46:44,236 INFO o.a.j.s.FileServer: Set new base='/Users/stanleyf/projects/caddyshack/loadtest'
2019-05-28 09:46:44,384 INFO o.a.j.s.SaveService: Testplan (JMX) version: 2.2. Testlog (JTL) version: 2.2
2019-05-28 09:46:44,406 INFO o.a.j.s.SaveService: Using SaveService properties file encoding UTF-8
2019-05-28 09:46:44,407 INFO o.a.j.s.SaveService: Using SaveService properties version 4.0
2019-05-28 09:46:44,409 INFO o.a.j.s.SaveService: Loading file: /Users/stanleyf/projects/caddyshack/loadtest/gocenteres.jmx
2019-05-28 09:46:44,584 INFO o.a.j.s.FileServer: Set new base='/Users/stanleyf/projects/caddyshack/loadtest'
2019-05-28 09:47:27,493 INFO o.a.j.e.StandardJMeterEngine: Running the test!
2019-05-28 09:47:27,494 INFO o.a.j.s.SampleEvent: List of sample_variables: []
2019-05-28 09:47:27,494 INFO o.a.j.s.SampleEvent: List of sample_variables: []
2019-05-28 09:47:27,502 INFO o.a.j.g.u.JMeterMenuBar: setRunning(true, *local*)
2019-05-28 09:47:27,623 INFO o.a.j.e.StandardJMeterEngine: Starting ThreadGroup: 1 : Thread Group
2019-05-28 09:47:27,624 INFO o.a.j.e.StandardJMeterEngine: Starting 1 threads for group Thread Group.
2019-05-28 09:47:27,624 INFO o.a.j.e.StandardJMeterEngine: Thread will continue on error
2019-05-28 09:47:27,624 INFO o.a.j.t.ThreadGroup: Starting thread group... number=1 threads=1 ramp-up=1 perThread=1000.0 delayedStart=false
2019-05-28 09:47:27,627 INFO o.a.j.t.ThreadGroup: Started thread group number 1
2019-05-28 09:47:27,627 INFO o.a.j.e.StandardJMeterEngine: All thread groups have been started
2019-05-28 09:47:27,630 INFO o.a.j.t.JMeterThread: Thread started: Thread Group 1-1
2019-05-28 09:47:27,632 INFO o.a.j.s.FileServer: Stored: modulelist.csv
2019-05-28 09:47:27,981 INFO o.a.j.m.JSR223PreProcessor: ------- ORG is gopkg.in; OWNER is fsnotify.v1; MODULE is null
2019-05-28 09:47:27,982 INFO o.a.j.m.JSR223PreProcessor: Partial path Search String: fsnotify.v1
2019-05-28 09:47:27,997 INFO o.a.j.m.JSR223PreProcessor: Full Path Search String: fsnotify.v1
2019-05-28 09:47:28,011 INFO o.a.j.p.h.s.HTTPHCAbstractImpl: Local host = stanleyf-mac
2019-05-28 09:47:28,015 INFO o.a.j.p.h.s.HTTPHC4Impl: HTTP request retry count = 0
2019-05-28 09:47:31,170 INFO o.a.j.p.h.s.LazySchemeSocketFactory: Setting up HTTPS TrustAll Socket Factory
2019-05-28 09:47:31,179 INFO o.a.j.u.JsseSSLManager: Using default SSL protocol: TLS
2019-05-28 09:47:31,179 INFO o.a.j.u.JsseSSLManager: SSL session context: per-thread
2019-05-28 09:47:31,377 INFO o.a.j.u.SSLManager: JmeterKeyStore Location:  type JKS
2019-05-28 09:47:31,377 INFO o.a.j.u.SSLManager: KeyStore created OK
2019-05-28 09:47:31,377 WARN o.a.j.u.SSLManager: Keystore file not found, loading empty keystore
2019-05-28 09:47:32,395 INFO o.a.j.a.JSR223Assertion: PREFIX_FULLPATH: from module file: null
2019-05-28 09:47:32,423 INFO o.a.j.a.JSR223Assertion: PREFIX_FULLPATH: from module file: null
2019-05-28 09:47:32,426 INFO o.a.j.m.JSR223PreProcessor: ------- ORG is gopkg.in; OWNER is fsnotify.v1; MODULE is null
2019-05-28 09:47:32,427 INFO o.a.j.m.JSR223PreProcessor: Partial path Search String: fsnotify.v1
2019-05-28 09:47:32,427 INFO o.a.j.m.JSR223PreProcessor: Full Path Search String: fsnotify.v1
2019-05-28 09:47:32,766 INFO o.a.j.a.JSR223Assertion: PREFIX_FULLPATH: from module file: null
2019-05-28 09:47:32,782 INFO o.a.j.a.JSR223Assertion: PREFIX_FULLPATH: from module file: null
2019-05-28 09:47:32,784 INFO o.a.j.m.JSR223PreProcessor: ------- ORG is cloud.google.com; OWNER is go; MODULE is null
2019-05-28 09:47:32,784 INFO o.a.j.m.JSR223PreProcessor: Partial path Search String: go
2019-05-28 09:47:32,784 INFO o.a.j.m.JSR223PreProcessor: Full Path Search String: fsnotify.v1
2019-05-28 09:47:32,884 INFO o.a.j.a.JSR223Assertion: PREFIX_FULLPATH: from module file: null
2019-05-28 09:47:32,885 INFO o.a.j.a.JSR223Assertion: PREFIX_PATH: Success: cloud.google.com/go
2019-05-28 09:47:32,901 INFO o.a.j.a.JSR223Assertion: PREFIX_FULLPATH: from module file: null
2019-05-28 09:47:32,902 INFO o.a.j.a.JSR223Assertion: PREFIX_PATH: Success: cloud.google.com/go
2019-05-28 09:47:32,902 INFO o.a.j.m.JSR223PreProcessor: ------- ORG is cloud.google.com; OWNER is go; MODULE is null
2019-05-28 09:47:32,902 INFO o.a.j.m.JSR223PreProcessor: Partial path Search String: go
2019-05-28 09:47:32,903 INFO o.a.j.m.JSR223PreProcessor: Full Path Search String: fsnotify.v1
2019-05-28 09:47:32,981 INFO o.a.j.a.JSR223Assertion: PREFIX_FULLPATH: from module file: null
2019-05-28 09:47:32,982 INFO o.a.j.a.JSR223Assertion: PREFIX_PATH: Success: cloud.google.com/go
2019-05-28 09:47:32,997 INFO o.a.j.a.JSR223Assertion: PREFIX_FULLPATH: from module file: null
2019-05-28 09:47:32,997 INFO o.a.j.a.JSR223Assertion: PREFIX_PATH: Success: cloud.google.com/go
2019-05-28 09:47:32,998 INFO o.a.j.m.JSR223PreProcessor: ------- ORG is github.com; OWNER is fsnotify; MODULE is fsnotify
2019-05-28 09:47:32,998 INFO o.a.j.m.JSR223PreProcessor: Partial path Search String: fsnotify
2019-05-28 09:47:32,998 INFO o.a.j.m.JSR223PreProcessor: Full Path Search String: fsnotify.v1
2019-05-28 09:47:33,085 INFO o.a.j.a.JSR223Assertion: PREFIX_FULLPATH: from module file: null
2019-05-28 09:47:33,085 INFO o.a.j.a.JSR223Assertion: PREFIX_PATH: Success: github.com/fsnotify/fsnotify
2019-05-28 09:47:33,101 INFO o.a.j.a.JSR223Assertion: PREFIX_FULLPATH: from module file: null
2019-05-28 09:47:33,102 INFO o.a.j.a.JSR223Assertion: PREFIX_PATH: Success: github.com/fsnotify/fsnotify
2019-05-28 09:47:33,102 INFO o.a.j.m.JSR223PreProcessor: ------- ORG is github.com; OWNER is fsnotify; MODULE is fsnotify
2019-05-28 09:47:33,102 INFO o.a.j.m.JSR223PreProcessor: Partial path Search String: fsnotify
2019-05-28 09:47:33,103 INFO o.a.j.m.JSR223PreProcessor: Full Path Search String: fsnotify.v1
2019-05-28 09:47:33,178 INFO o.a.j.a.JSR223Assertion: PREFIX_FULLPATH: from module file: null
2019-05-28 09:47:33,178 INFO o.a.j.a.JSR223Assertion: PREFIX_PATH: Success: github.com/fsnotify/fsnotify
2019-05-28 09:47:33,191 INFO o.a.j.a.JSR223Assertion: PREFIX_FULLPATH: from module file: null
2019-05-28 09:47:33,191 INFO o.a.j.a.JSR223Assertion: PREFIX_PATH: Success: github.com/fsnotify/fsnotify
2019-05-28 09:47:33,192 INFO o.a.j.m.JSR223PreProcessor: ------- ORG is collectd.org; OWNER is null; MODULE is null
2019-05-28 09:47:33,192 INFO o.a.j.m.JSR223PreProcessor: Partial path Search String: collectd.org
2019-05-28 09:47:33,193 INFO o.a.j.m.JSR223PreProcessor: Full Path Search String: fsnotify.v1
2019-05-28 09:47:33,273 INFO o.a.j.a.JSR223Assertion: PREFIX_FULLPATH: from module file: null
2019-05-28 09:47:33,288 INFO o.a.j.a.JSR223Assertion: PREFIX_FULLPATH: from module file: null
2019-05-28 09:47:33,289 INFO o.a.j.m.JSR223PreProcessor: ------- ORG is collectd.org; OWNER is null; MODULE is null
2019-05-28 09:47:33,289 INFO o.a.j.m.JSR223PreProcessor: Partial path Search String: collectd.org
2019-05-28 09:47:33,290 INFO o.a.j.m.JSR223PreProcessor: Full Path Search String: fsnotify.v1
2019-05-28 09:47:33,349 INFO o.a.j.a.JSR223Assertion: PREFIX_FULLPATH: from module file: null
2019-05-28 09:47:33,364 INFO o.a.j.a.JSR223Assertion: PREFIX_FULLPATH: from module file: null
2019-05-28 09:47:33,366 INFO o.a.j.m.JSR223PreProcessor: ------- ORG is github.com; OWNER is gobuffalo; MODULE is packr
2019-05-28 09:47:33,366 INFO o.a.j.m.JSR223PreProcessor: Partial path Search String: packr
2019-05-28 09:47:33,366 INFO o.a.j.m.JSR223PreProcessor: Full Path Search String: fsnotify.v1
2019-05-28 09:47:33,444 INFO o.a.j.a.JSR223Assertion: PREFIX_FULLPATH: from module file: null
2019-05-28 09:47:33,458 INFO o.a.j.a.JSR223Assertion: PREFIX_FULLPATH: from module file: null
2019-05-28 09:47:33,459 INFO o.a.j.m.JSR223PreProcessor: ------- ORG is github.com; OWNER is gobuffalo; MODULE is packr
2019-05-28 09:47:33,459 INFO o.a.j.m.JSR223PreProcessor: Partial path Search String: packr
2019-05-28 09:47:33,459 INFO o.a.j.m.JSR223PreProcessor: Full Path Search String: fsnotify.v1
2019-05-28 09:47:33,533 INFO o.a.j.a.JSR223Assertion: PREFIX_FULLPATH: from module file: null
2019-05-28 09:47:33,550 INFO o.a.j.a.JSR223Assertion: PREFIX_FULLPATH: from module file: null
2019-05-28 09:47:33,551 INFO o.a.j.m.JSR223PreProcessor: ------- ORG is github.com; OWNER is gobuffalo; MODULE is packr
2019-05-28 09:47:33,551 INFO o.a.j.m.JSR223PreProcessor: Partial path Search String: packr
2019-05-28 09:47:33,552 INFO o.a.j.m.JSR223PreProcessor: Full Path Search String: fsnotify.v1
2019-05-28 09:47:33,620 INFO o.a.j.a.JSR223Assertion: PREFIX_FULLPATH: from module file: null
2019-05-28 09:47:33,634 INFO o.a.j.a.JSR223Assertion: PREFIX_FULLPATH: from module file: null
2019-05-28 09:47:33,635 INFO o.a.j.m.JSR223PreProcessor: ------- ORG is github.com; OWNER is gobuffalo; MODULE is packr
2019-05-28 09:47:33,635 INFO o.a.j.m.JSR223PreProcessor: Partial path Search String: packr
2019-05-28 09:47:33,636 INFO o.a.j.m.JSR223PreProcessor: Full Path Search String: fsnotify.v1
2019-05-28 09:47:33,700 INFO o.a.j.a.JSR223Assertion: PREFIX_FULLPATH: from module file: null
2019-05-28 09:47:33,713 INFO o.a.j.a.JSR223Assertion: PREFIX_FULLPATH: from module file: null
2019-05-28 09:47:33,715 INFO o.a.j.m.JSR223PreProcessor: ------- ORG is gopkg.in; OWNER is olivere; MODULE is elastic.v3
2019-05-28 09:47:33,715 INFO o.a.j.m.JSR223PreProcessor: Partial path Search String: elastic.v3
2019-05-28 09:47:33,715 INFO o.a.j.m.JSR223PreProcessor: Full Path Search String: fsnotify.v1
2019-05-28 09:47:33,782 INFO o.a.j.a.JSR223Assertion: PREFIX_FULLPATH: from module file: null
2019-05-28 09:47:33,782 INFO o.a.j.a.JSR223Assertion: PREFIX_PATH: Success: gopkg.in/olivere/elastic.v3
2019-05-28 09:47:33,797 INFO o.a.j.a.JSR223Assertion: PREFIX_FULLPATH: from module file: null
2019-05-28 09:47:33,797 INFO o.a.j.a.JSR223Assertion: PREFIX_PATH: Success: gopkg.in/olivere/elastic.v3
2019-05-28 09:47:33,798 INFO o.a.j.m.JSR223PreProcessor: ------- ORG is gopkg.in; OWNER is olivere; MODULE is elastic.v3
2019-05-28 09:47:33,798 INFO o.a.j.m.JSR223PreProcessor: Partial path Search String: elastic.v3
2019-05-28 09:47:33,798 INFO o.a.j.m.JSR223PreProcessor: Full Path Search String: fsnotify.v1
2019-05-28 09:47:33,862 INFO o.a.j.a.JSR223Assertion: PREFIX_FULLPATH: from module file: null
2019-05-28 09:47:33,862 INFO o.a.j.a.JSR223Assertion: PREFIX_PATH: Success: gopkg.in/olivere/elastic.v3
2019-05-28 09:47:33,876 INFO o.a.j.a.JSR223Assertion: PREFIX_FULLPATH: from module file: null
2019-05-28 09:47:33,876 INFO o.a.j.a.JSR223Assertion: PREFIX_PATH: Success: gopkg.in/olivere/elastic.v3
2019-05-28 09:47:33,877 INFO o.a.j.m.JSR223PreProcessor: ------- ORG is go.opencensus.io; OWNER is null; MODULE is null
2019-05-28 09:47:33,877 INFO o.a.j.m.JSR223PreProcessor: Partial path Search String: go.opencensus.io
2019-05-28 09:47:33,878 INFO o.a.j.m.JSR223PreProcessor: Full Path Search String: fsnotify.v1
2019-05-28 09:47:33,935 INFO o.a.j.a.JSR223Assertion: PREFIX_FULLPATH: from module file: null
2019-05-28 09:47:33,936 INFO o.a.j.a.JSR223Assertion: PREFIX_PATH: Success: go.opencensus.io
2019-05-28 09:47:33,948 INFO o.a.j.a.JSR223Assertion: PREFIX_FULLPATH: from module file: null
2019-05-28 09:47:33,948 INFO o.a.j.a.JSR223Assertion: PREFIX_PATH: Success: go.opencensus.io
2019-05-28 09:47:33,949 INFO o.a.j.m.JSR223PreProcessor: ------- ORG is go.opencensus.io; OWNER is null; MODULE is null
2019-05-28 09:47:33,949 INFO o.a.j.m.JSR223PreProcessor: Partial path Search String: go.opencensus.io
2019-05-28 09:47:33,950 INFO o.a.j.m.JSR223PreProcessor: Full Path Search String: fsnotify.v1
2019-05-28 09:47:33,981 INFO o.a.j.g.a.Start: Stopping test
2019-05-28 09:47:34,006 INFO o.a.j.a.JSR223Assertion: PREFIX_FULLPATH: from module file: null
2019-05-28 09:47:34,007 INFO o.a.j.a.JSR223Assertion: PREFIX_PATH: Success: go.opencensus.io
2019-05-28 09:47:34,010 INFO o.a.j.t.JMeterThread: Stopping: Thread Group 1-1
2019-05-28 09:47:34,025 INFO o.a.j.a.JSR223Assertion: PREFIX_FULLPATH: from module file: null
2019-05-28 09:47:34,025 INFO o.a.j.a.JSR223Assertion: PREFIX_PATH: Success: go.opencensus.io
2019-05-28 09:47:34,025 INFO o.a.j.t.JMeterThread: Thread finished: Thread Group 1-1
2019-05-28 09:47:34,026 INFO o.a.j.e.StandardJMeterEngine: Notifying test listeners of end of test
2019-05-28 09:47:34,026 INFO o.a.j.s.FileServer: Close: modulelist.csv
2019-05-28 09:47:34,027 INFO o.a.j.g.u.JMeterMenuBar: setRunning(false, *local*)
2019-05-28 09:47:51,734 INFO o.a.j.e.StandardJMeterEngine: Running the test!
2019-05-28 09:47:51,735 INFO o.a.j.s.SampleEvent: List of sample_variables: []
2019-05-28 09:47:51,738 INFO o.a.j.g.u.JMeterMenuBar: setRunning(true, *local*)
2019-05-28 09:47:51,870 INFO o.a.j.e.StandardJMeterEngine: Starting ThreadGroup: 1 : Thread Group
2019-05-28 09:47:51,871 INFO o.a.j.e.StandardJMeterEngine: Starting 1 threads for group Thread Group.
2019-05-28 09:47:51,872 INFO o.a.j.e.StandardJMeterEngine: Thread will continue on error
2019-05-28 09:47:51,872 INFO o.a.j.t.ThreadGroup: Starting thread group... number=1 threads=1 ramp-up=1 perThread=1000.0 delayedStart=false
2019-05-28 09:47:51,875 INFO o.a.j.t.ThreadGroup: Started thread group number 1
2019-05-28 09:47:51,875 INFO o.a.j.e.StandardJMeterEngine: All thread groups have been started
2019-05-28 09:47:51,876 INFO o.a.j.t.JMeterThread: Thread started: Thread Group 1-1
2019-05-28 09:47:51,876 INFO o.a.j.s.FileServer: Stored: modulelist.csv
2019-05-28 09:47:51,887 INFO o.a.j.m.JSR223PreProcessor: ------- ORG is gopkg.in; OWNER is fsnotify.v1; MODULE is null
2019-05-28 09:47:51,887 INFO o.a.j.m.JSR223PreProcessor: Partial path Search String: fsnotify.v1
2019-05-28 09:47:51,897 INFO o.a.j.m.JSR223PreProcessor: Full Path Search String: fsnotify.v1
2019-05-28 09:47:52,171 INFO o.a.j.a.JSR223Assertion: PREFIX_FULLPATH: from module file: null
2019-05-28 09:47:52,186 INFO o.a.j.a.JSR223Assertion: PREFIX_FULLPATH: from module file: null
2019-05-28 09:47:52,187 INFO o.a.j.m.JSR223PreProcessor: ------- ORG is gopkg.in; OWNER is fsnotify.v1; MODULE is null
2019-05-28 09:47:52,187 INFO o.a.j.m.JSR223PreProcessor: Partial path Search String: fsnotify.v1
2019-05-28 09:47:52,187 INFO o.a.j.m.JSR223PreProcessor: Full Path Search String: fsnotify.v1
2019-05-28 09:47:52,252 INFO o.a.j.a.JSR223Assertion: PREFIX_FULLPATH: from module file: null
2019-05-28 09:47:52,266 INFO o.a.j.a.JSR223Assertion: PREFIX_FULLPATH: from module file: null
2019-05-28 09:47:52,268 INFO o.a.j.m.JSR223PreProcessor: ------- ORG is cloud.google.com; OWNER is go; MODULE is null
2019-05-28 09:47:52,268 INFO o.a.j.m.JSR223PreProcessor: Partial path Search String: go
2019-05-28 09:47:52,268 INFO o.a.j.m.JSR223PreProcessor: Full Path Search String: fsnotify.v1
2019-05-28 09:47:52,332 INFO o.a.j.a.JSR223Assertion: PREFIX_FULLPATH: from module file: null
2019-05-28 09:47:52,333 INFO o.a.j.a.JSR223Assertion: PREFIX_PATH: Success: cloud.google.com/go
2019-05-28 09:47:52,343 INFO o.a.j.a.JSR223Assertion: PREFIX_FULLPATH: from module file: null
2019-05-28 09:47:52,344 INFO o.a.j.a.JSR223Assertion: PREFIX_PATH: Success: cloud.google.com/go
2019-05-28 09:47:52,345 INFO o.a.j.m.JSR223PreProcessor: ------- ORG is cloud.google.com; OWNER is go; MODULE is null
2019-05-28 09:47:52,345 INFO o.a.j.m.JSR223PreProcessor: Partial path Search String: go
2019-05-28 09:47:52,345 INFO o.a.j.m.JSR223PreProcessor: Full Path Search String: fsnotify.v1
2019-05-28 09:47:52,405 INFO o.a.j.a.JSR223Assertion: PREFIX_FULLPATH: from module file: null
2019-05-28 09:47:52,406 INFO o.a.j.a.JSR223Assertion: PREFIX_PATH: Success: cloud.google.com/go
2019-05-28 09:47:52,418 INFO o.a.j.a.JSR223Assertion: PREFIX_FULLPATH: from module file: null
2019-05-28 09:47:52,419 INFO o.a.j.a.JSR223Assertion: PREFIX_PATH: Success: cloud.google.com/go
2019-05-28 09:47:52,419 INFO o.a.j.m.JSR223PreProcessor: ------- ORG is github.com; OWNER is fsnotify; MODULE is fsnotify
2019-05-28 09:47:52,419 INFO o.a.j.m.JSR223PreProcessor: Partial path Search String: fsnotify
2019-05-28 09:47:52,420 INFO o.a.j.m.JSR223PreProcessor: Full Path Search String: fsnotify.v1
2019-05-28 09:47:52,482 INFO o.a.j.a.JSR223Assertion: PREFIX_FULLPATH: from module file: null
2019-05-28 09:47:52,483 INFO o.a.j.a.JSR223Assertion: PREFIX_PATH: Success: github.com/fsnotify/fsnotify
2019-05-28 09:47:52,493 INFO o.a.j.a.JSR223Assertion: PREFIX_FULLPATH: from module file: null
2019-05-28 09:47:52,493 INFO o.a.j.a.JSR223Assertion: PREFIX_PATH: Success: github.com/fsnotify/fsnotify
2019-05-28 09:47:52,494 INFO o.a.j.m.JSR223PreProcessor: ------- ORG is github.com; OWNER is fsnotify; MODULE is fsnotify
2019-05-28 09:47:52,494 INFO o.a.j.m.JSR223PreProcessor: Partial path Search String: fsnotify
2019-05-28 09:47:52,494 INFO o.a.j.m.JSR223PreProcessor: Full Path Search String: fsnotify.v1
2019-05-28 09:47:52,556 INFO o.a.j.a.JSR223Assertion: PREFIX_FULLPATH: from module file: null
2019-05-28 09:47:52,556 INFO o.a.j.a.JSR223Assertion: PREFIX_PATH: Success: github.com/fsnotify/fsnotify
2019-05-28 09:47:52,566 INFO o.a.j.a.JSR223Assertion: PREFIX_FULLPATH: from module file: null
2019-05-28 09:47:52,567 INFO o.a.j.a.JSR223Assertion: PREFIX_PATH: Success: github.com/fsnotify/fsnotify
2019-05-28 09:47:52,567 INFO o.a.j.m.JSR223PreProcessor: ------- ORG is collectd.org; OWNER is null; MODULE is null
2019-05-28 09:47:52,567 INFO o.a.j.m.JSR223PreProcessor: Partial path Search String: collectd.org
2019-05-28 09:47:52,568 INFO o.a.j.m.JSR223PreProcessor: Full Path Search String: fsnotify.v1
2019-05-28 09:47:52,624 INFO o.a.j.a.JSR223Assertion: PREFIX_FULLPATH: from module file: null
2019-05-28 09:47:52,635 INFO o.a.j.a.JSR223Assertion: PREFIX_FULLPATH: from module file: null
2019-05-28 09:47:52,636 INFO o.a.j.m.JSR223PreProcessor: ------- ORG is collectd.org; OWNER is null; MODULE is null
2019-05-28 09:47:52,636 INFO o.a.j.m.JSR223PreProcessor: Partial path Search String: collectd.org
2019-05-28 09:47:52,636 INFO o.a.j.m.JSR223PreProcessor: Full Path Search String: fsnotify.v1
2019-05-28 09:47:52,688 INFO o.a.j.a.JSR223Assertion: PREFIX_FULLPATH: from module file: null
2019-05-28 09:47:52,699 INFO o.a.j.a.JSR223Assertion: PREFIX_FULLPATH: from module file: null
2019-05-28 09:47:52,700 INFO o.a.j.m.JSR223PreProcessor: ------- ORG is github.com; OWNER is gobuffalo; MODULE is packr
2019-05-28 09:47:52,700 INFO o.a.j.m.JSR223PreProcessor: Partial path Search String: packr
2019-05-28 09:47:52,700 INFO o.a.j.m.JSR223PreProcessor: Full Path Search String: fsnotify.v1
2019-05-28 09:47:52,760 INFO o.a.j.a.JSR223Assertion: PREFIX_FULLPATH: from module file: null
2019-05-28 09:47:52,770 INFO o.a.j.a.JSR223Assertion: PREFIX_FULLPATH: from module file: null
2019-05-28 09:47:52,771 INFO o.a.j.m.JSR223PreProcessor: ------- ORG is github.com; OWNER is gobuffalo; MODULE is packr
2019-05-28 09:47:52,771 INFO o.a.j.m.JSR223PreProcessor: Partial path Search String: packr
2019-05-28 09:47:52,771 INFO o.a.j.m.JSR223PreProcessor: Full Path Search String: fsnotify.v1
2019-05-28 09:47:52,825 INFO o.a.j.a.JSR223Assertion: PREFIX_FULLPATH: from module file: null
2019-05-28 09:47:52,836 INFO o.a.j.a.JSR223Assertion: PREFIX_FULLPATH: from module file: null
2019-05-28 09:47:52,837 INFO o.a.j.m.JSR223PreProcessor: ------- ORG is github.com; OWNER is gobuffalo; MODULE is packr
2019-05-28 09:47:52,837 INFO o.a.j.m.JSR223PreProcessor: Partial path Search String: packr
2019-05-28 09:47:52,838 INFO o.a.j.m.JSR223PreProcessor: Full Path Search String: fsnotify.v1
2019-05-28 09:47:52,915 INFO o.a.j.a.JSR223Assertion: PREFIX_FULLPATH: from module file: null
2019-05-28 09:47:52,925 INFO o.a.j.a.JSR223Assertion: PREFIX_FULLPATH: from module file: null
2019-05-28 09:47:52,926 INFO o.a.j.m.JSR223PreProcessor: ------- ORG is github.com; OWNER is gobuffalo; MODULE is packr
2019-05-28 09:47:52,926 INFO o.a.j.m.JSR223PreProcessor: Partial path Search String: packr
2019-05-28 09:47:52,926 INFO o.a.j.m.JSR223PreProcessor: Full Path Search String: fsnotify.v1
2019-05-28 09:47:52,982 INFO o.a.j.a.JSR223Assertion: PREFIX_FULLPATH: from module file: null
2019-05-28 09:47:52,993 INFO o.a.j.a.JSR223Assertion: PREFIX_FULLPATH: from module file: null
2019-05-28 09:47:52,994 INFO o.a.j.m.JSR223PreProcessor: ------- ORG is gopkg.in; OWNER is olivere; MODULE is elastic.v3
2019-05-28 09:47:52,994 INFO o.a.j.m.JSR223PreProcessor: Partial path Search String: elastic.v3
2019-05-28 09:47:52,994 INFO o.a.j.m.JSR223PreProcessor: Full Path Search String: fsnotify.v1
2019-05-28 09:47:53,056 INFO o.a.j.a.JSR223Assertion: PREFIX_FULLPATH: from module file: null
2019-05-28 09:47:53,056 INFO o.a.j.a.JSR223Assertion: PREFIX_PATH: Success: gopkg.in/olivere/elastic.v3
2019-05-28 09:47:53,067 INFO o.a.j.a.JSR223Assertion: PREFIX_FULLPATH: from module file: null
2019-05-28 09:47:53,067 INFO o.a.j.a.JSR223Assertion: PREFIX_PATH: Success: gopkg.in/olivere/elastic.v3
2019-05-28 09:47:53,068 INFO o.a.j.m.JSR223PreProcessor: ------- ORG is gopkg.in; OWNER is olivere; MODULE is elastic.v3
2019-05-28 09:47:53,068 INFO o.a.j.m.JSR223PreProcessor: Partial path Search String: elastic.v3
2019-05-28 09:47:53,068 INFO o.a.j.m.JSR223PreProcessor: Full Path Search String: fsnotify.v1
2019-05-28 09:47:53,128 INFO o.a.j.a.JSR223Assertion: PREFIX_FULLPATH: from module file: null
2019-05-28 09:47:53,128 INFO o.a.j.a.JSR223Assertion: PREFIX_PATH: Success: gopkg.in/olivere/elastic.v3
2019-05-28 09:47:53,141 INFO o.a.j.a.JSR223Assertion: PREFIX_FULLPATH: from module file: null
2019-05-28 09:47:53,142 INFO o.a.j.a.JSR223Assertion: PREFIX_PATH: Success: gopkg.in/olivere/elastic.v3
2019-05-28 09:47:53,142 INFO o.a.j.m.JSR223PreProcessor: ------- ORG is go.opencensus.io; OWNER is null; MODULE is null
2019-05-28 09:47:53,142 INFO o.a.j.m.JSR223PreProcessor: Partial path Search String: go.opencensus.io
2019-05-28 09:47:53,143 INFO o.a.j.m.JSR223PreProcessor: Full Path Search String: fsnotify.v1
2019-05-28 09:47:53,197 INFO o.a.j.a.JSR223Assertion: PREFIX_FULLPATH: from module file: null
2019-05-28 09:47:53,197 INFO o.a.j.a.JSR223Assertion: PREFIX_PATH: Success: go.opencensus.io
2019-05-28 09:47:53,209 INFO o.a.j.a.JSR223Assertion: PREFIX_FULLPATH: from module file: null
2019-05-28 09:47:53,210 INFO o.a.j.a.JSR223Assertion: PREFIX_PATH: Success: go.opencensus.io
2019-05-28 09:47:53,211 INFO o.a.j.m.JSR223PreProcessor: ------- ORG is go.opencensus.io; OWNER is null; MODULE is null
2019-05-28 09:47:53,211 INFO o.a.j.m.JSR223PreProcessor: Partial path Search String: go.opencensus.io
2019-05-28 09:47:53,211 INFO o.a.j.m.JSR223PreProcessor: Full Path Search String: fsnotify.v1
2019-05-28 09:47:53,270 INFO o.a.j.a.JSR223Assertion: PREFIX_FULLPATH: from module file: null
2019-05-28 09:47:53,270 INFO o.a.j.a.JSR223Assertion: PREFIX_PATH: Success: go.opencensus.io
2019-05-28 09:47:53,279 INFO o.a.j.a.JSR223Assertion: PREFIX_FULLPATH: from module file: null
2019-05-28 09:47:53,279 INFO o.a.j.a.JSR223Assertion: PREFIX_PATH: Success: go.opencensus.io
2019-05-28 09:47:53,280 INFO o.a.j.m.JSR223PreProcessor: ------- ORG is go.uber.org; OWNER is zap; MODULE is null
2019-05-28 09:47:53,280 INFO o.a.j.m.JSR223PreProcessor: Partial path Search String: zap
2019-05-28 09:47:53,280 INFO o.a.j.m.JSR223PreProcessor: Full Path Search String: fsnotify.v1
2019-05-28 09:47:53,332 INFO o.a.j.a.JSR223Assertion: PREFIX_FULLPATH: from module file: null
2019-05-28 09:47:53,332 INFO o.a.j.a.JSR223Assertion: PREFIX_PATH: Success: go.uber.org/zap
2019-05-28 09:47:53,343 INFO o.a.j.a.JSR223Assertion: PREFIX_FULLPATH: from module file: null
2019-05-28 09:47:53,343 INFO o.a.j.a.JSR223Assertion: PREFIX_PATH: Success: go.uber.org/zap
2019-05-28 09:47:53,344 INFO o.a.j.m.JSR223PreProcessor: ------- ORG is go.uber.org; OWNER is zap; MODULE is null
2019-05-28 09:47:53,344 INFO o.a.j.m.JSR223PreProcessor: Partial path Search String: zap
2019-05-28 09:47:53,344 INFO o.a.j.m.JSR223PreProcessor: Full Path Search String: fsnotify.v1
2019-05-28 09:47:53,397 INFO o.a.j.a.JSR223Assertion: PREFIX_FULLPATH: from module file: null
2019-05-28 09:47:53,398 INFO o.a.j.a.JSR223Assertion: PREFIX_PATH: Success: go.uber.org/zap
2019-05-28 09:47:53,406 INFO o.a.j.a.JSR223Assertion: PREFIX_FULLPATH: from module file: null
2019-05-28 09:47:53,407 INFO o.a.j.a.JSR223Assertion: PREFIX_PATH: Success: go.uber.org/zap
2019-05-28 09:47:53,407 INFO o.a.j.m.JSR223PreProcessor: ------- ORG is github.com; OWNER is vardius; MODULE is gorouter
2019-05-28 09:47:53,407 INFO o.a.j.m.JSR223PreProcessor: Partial path Search String: gorouter
2019-05-28 09:47:53,407 INFO o.a.j.m.JSR223PreProcessor: Full Path Search String: fsnotify.v1
2019-05-28 09:47:53,486 INFO o.a.j.a.JSR223Assertion: PREFIX_FULLPATH: from module file: null
2019-05-28 09:47:53,495 INFO o.a.j.a.JSR223Assertion: PREFIX_FULLPATH: from module file: null
2019-05-28 09:47:53,496 INFO o.a.j.m.JSR223PreProcessor: ------- ORG is github.com; OWNER is vardius; MODULE is gorouter
2019-05-28 09:47:53,496 INFO o.a.j.m.JSR223PreProcessor: Partial path Search String: gorouter
2019-05-28 09:47:53,496 INFO o.a.j.m.JSR223PreProcessor: Full Path Search String: fsnotify.v1
2019-05-28 09:47:53,556 INFO o.a.j.a.JSR223Assertion: PREFIX_FULLPATH: from module file: null
2019-05-28 09:47:53,565 INFO o.a.j.a.JSR223Assertion: PREFIX_FULLPATH: from module file: null
2019-05-28 09:47:53,565 INFO o.a.j.t.JMeterThread: Stop Thread seen for thread Thread Group 1-1, reason: org.apache.jorphan.util.JMeterStopThreadException: End of file:modulelist.csv detected for CSV DataSet:CSV Data Set Config configured with stopThread:true, recycle:false
2019-05-28 09:47:53,565 INFO o.a.j.t.JMeterThread: Thread finished: Thread Group 1-1
2019-05-28 09:47:53,566 INFO o.a.j.e.StandardJMeterEngine: Notifying test listeners of end of test
2019-05-28 09:47:53,566 INFO o.a.j.s.FileServer: Close: modulelist.csv
2019-05-28 09:47:53,566 INFO o.a.j.g.u.JMeterMenuBar: setRunning(false, *local*)
2019-05-28 09:50:37,359 INFO o.a.j.g.a.Load: Loading file: /Users/stanleyf/git/soldev/kermit/tests/src/test/resources/data/jmeter/gocentral/elasticsearch/gocenteres.jmx
2019-05-28 09:50:37,359 INFO o.a.j.s.FileServer: Set new base='/Users/stanleyf/git/soldev/kermit/tests/src/test/resources/data/jmeter/gocentral/elasticsearch'
2019-05-28 09:50:37,359 INFO o.a.j.s.SaveService: Loading file: /Users/stanleyf/git/soldev/kermit/tests/src/test/resources/data/jmeter/gocentral/elasticsearch/gocenteres.jmx
2019-05-28 09:50:37,423 INFO o.a.j.s.FileServer: Set new base='/Users/stanleyf/git/soldev/kermit/tests/src/test/resources/data/jmeter/gocentral/elasticsearch'
2019-05-28 09:50:45,145 INFO o.a.j.e.StandardJMeterEngine: Running the test!
2019-05-28 09:50:45,145 INFO o.a.j.s.SampleEvent: List of sample_variables: []
2019-05-28 09:50:45,147 INFO o.a.j.g.u.JMeterMenuBar: setRunning(true, *local*)
2019-05-28 09:50:45,340 INFO o.a.j.e.StandardJMeterEngine: Starting ThreadGroup: 1 : Thread Group
2019-05-28 09:50:45,341 INFO o.a.j.e.StandardJMeterEngine: Starting 1 threads for group Thread Group.
2019-05-28 09:50:45,341 INFO o.a.j.e.StandardJMeterEngine: Thread will continue on error
2019-05-28 09:50:45,341 INFO o.a.j.t.ThreadGroup: Starting thread group... number=1 threads=1 ramp-up=1 perThread=1000.0 delayedStart=false
2019-05-28 09:50:45,342 INFO o.a.j.t.ThreadGroup: Started thread group number 1
2019-05-28 09:50:45,342 INFO o.a.j.e.StandardJMeterEngine: All thread groups have been started
2019-05-28 09:50:45,343 INFO o.a.j.t.JMeterThread: Thread started: Thread Group 1-1
2019-05-28 09:50:45,343 INFO o.a.j.s.FileServer: Stored: modulelist.csv
2019-05-28 09:50:45,343 ERROR o.a.j.t.JMeterThread: Test failed!
java.lang.IllegalArgumentException: File modulelist.csv must exist and be readable
	at org.apache.jmeter.services.FileServer.createBufferedReader(FileServer.java:424) ~[ApacheJMeter_core.jar:4.0 r1823414]
	at org.apache.jmeter.services.FileServer.readLine(FileServer.java:340) ~[ApacheJMeter_core.jar:4.0 r1823414]
	at org.apache.jmeter.config.CSVDataSet.iterationStart(CSVDataSet.java:205) ~[ApacheJMeter_components.jar:4.0 r1823414]
	at org.apache.jmeter.control.GenericController.fireIterationStart(GenericController.java:393) ~[ApacheJMeter_core.jar:4.0 r1823414]
	at org.apache.jmeter.control.GenericController.fireIterEvents(GenericController.java:385) ~[ApacheJMeter_core.jar:4.0 r1823414]
	at org.apache.jmeter.control.GenericController.next(GenericController.java:158) ~[ApacheJMeter_core.jar:4.0 r1823414]
	at org.apache.jmeter.control.WhileController.next(WhileController.java:106) ~[ApacheJMeter_core.jar:4.0 r1823414]
	at org.apache.jmeter.control.GenericController.nextIsAController(GenericController.java:219) ~[ApacheJMeter_core.jar:4.0 r1823414]
	at org.apache.jmeter.control.GenericController.next(GenericController.java:173) ~[ApacheJMeter_core.jar:4.0 r1823414]
	at org.apache.jmeter.control.LoopController.next(LoopController.java:128) ~[ApacheJMeter_core.jar:4.0 r1823414]
	at org.apache.jmeter.threads.AbstractThreadGroup.next(AbstractThreadGroup.java:87) ~[ApacheJMeter_core.jar:4.0 r1823414]
	at org.apache.jmeter.threads.JMeterThread.run(JMeterThread.java:248) [ApacheJMeter_core.jar:4.0 r1823414]
	at java.lang.Thread.run(Thread.java:748) [?:1.8.0_171]
2019-05-28 09:50:45,348 INFO o.a.j.t.JMeterThread: Thread finished: Thread Group 1-1
2019-05-28 09:50:45,349 INFO o.a.j.e.StandardJMeterEngine: Notifying test listeners of end of test
2019-05-28 09:50:45,349 INFO o.a.j.g.u.JMeterMenuBar: setRunning(false, *local*)
2019-05-28 09:50:50,370 INFO o.a.j.e.StandardJMeterEngine: Running the test!
2019-05-28 09:50:50,371 INFO o.a.j.s.SampleEvent: List of sample_variables: []
2019-05-28 09:50:50,373 INFO o.a.j.g.u.JMeterMenuBar: setRunning(true, *local*)
2019-05-28 09:50:50,519 INFO o.a.j.e.StandardJMeterEngine: Starting ThreadGroup: 1 : Thread Group
2019-05-28 09:50:50,519 INFO o.a.j.e.StandardJMeterEngine: Starting 1 threads for group Thread Group.
2019-05-28 09:50:50,520 INFO o.a.j.e.StandardJMeterEngine: Thread will continue on error
2019-05-28 09:50:50,520 INFO o.a.j.t.ThreadGroup: Starting thread group... number=1 threads=1 ramp-up=1 perThread=1000.0 delayedStart=false
2019-05-28 09:50:50,521 INFO o.a.j.t.ThreadGroup: Started thread group number 1
2019-05-28 09:50:50,521 INFO o.a.j.e.StandardJMeterEngine: All thread groups have been started
2019-05-28 09:50:50,521 INFO o.a.j.t.JMeterThread: Thread started: Thread Group 1-1
2019-05-28 09:50:50,522 INFO o.a.j.s.FileServer: Stored: modulelist.csv
2019-05-28 09:50:50,522 ERROR o.a.j.t.JMeterThread: Test failed!
java.lang.IllegalArgumentException: File modulelist.csv must exist and be readable
	at org.apache.jmeter.services.FileServer.createBufferedReader(FileServer.java:424) ~[ApacheJMeter_core.jar:4.0 r1823414]
	at org.apache.jmeter.services.FileServer.readLine(FileServer.java:340) ~[ApacheJMeter_core.jar:4.0 r1823414]
	at org.apache.jmeter.config.CSVDataSet.iterationStart(CSVDataSet.java:205) ~[ApacheJMeter_components.jar:4.0 r1823414]
	at org.apache.jmeter.control.GenericController.fireIterationStart(GenericController.java:393) ~[ApacheJMeter_core.jar:4.0 r1823414]
	at org.apache.jmeter.control.GenericController.fireIterEvents(GenericController.java:385) ~[ApacheJMeter_core.jar:4.0 r1823414]
	at org.apache.jmeter.control.GenericController.next(GenericController.java:158) ~[ApacheJMeter_core.jar:4.0 r1823414]
	at org.apache.jmeter.control.WhileController.next(WhileController.java:106) ~[ApacheJMeter_core.jar:4.0 r1823414]
	at org.apache.jmeter.control.GenericController.nextIsAController(GenericController.java:219) ~[ApacheJMeter_core.jar:4.0 r1823414]
	at org.apache.jmeter.control.GenericController.next(GenericController.java:173) ~[ApacheJMeter_core.jar:4.0 r1823414]
	at org.apache.jmeter.control.LoopController.next(LoopController.java:128) ~[ApacheJMeter_core.jar:4.0 r1823414]
	at org.apache.jmeter.threads.AbstractThreadGroup.next(AbstractThreadGroup.java:87) ~[ApacheJMeter_core.jar:4.0 r1823414]
	at org.apache.jmeter.threads.JMeterThread.run(JMeterThread.java:248) [ApacheJMeter_core.jar:4.0 r1823414]
	at java.lang.Thread.run(Thread.java:748) [?:1.8.0_171]
2019-05-28 09:50:50,523 INFO o.a.j.t.JMeterThread: Thread finished: Thread Group 1-1
2019-05-28 09:50:50,523 INFO o.a.j.e.StandardJMeterEngine: Notifying test listeners of end of test
2019-05-28 09:50:50,523 INFO o.a.j.g.u.JMeterMenuBar: setRunning(false, *local*)
2019-05-28 09:53:01,625 INFO o.a.j.g.a.Load: Loading file: /Users/stanleyf/projects/caddyshack/loadtest/gocenteres.jmx
2019-05-28 09:53:01,625 INFO o.a.j.s.FileServer: Set new base='/Users/stanleyf/projects/caddyshack/loadtest'
2019-05-28 09:53:01,625 INFO o.a.j.s.SaveService: Loading file: /Users/stanleyf/projects/caddyshack/loadtest/gocenteres.jmx
2019-05-28 09:53:01,677 INFO o.a.j.s.FileServer: Set new base='/Users/stanleyf/projects/caddyshack/loadtest'
2019-05-28 09:53:05,391 INFO o.a.j.e.StandardJMeterEngine: Running the test!
2019-05-28 09:53:05,391 INFO o.a.j.s.SampleEvent: List of sample_variables: []
2019-05-28 09:53:05,392 INFO o.a.j.g.u.JMeterMenuBar: setRunning(true, *local*)
2019-05-28 09:53:05,542 INFO o.a.j.e.StandardJMeterEngine: Starting ThreadGroup: 1 : Thread Group
2019-05-28 09:53:05,542 INFO o.a.j.e.StandardJMeterEngine: Starting 1 threads for group Thread Group.
2019-05-28 09:53:05,542 INFO o.a.j.e.StandardJMeterEngine: Thread will continue on error
2019-05-28 09:53:05,542 INFO o.a.j.t.ThreadGroup: Starting thread group... number=1 threads=1 ramp-up=1 perThread=1000.0 delayedStart=false
2019-05-28 09:53:05,543 INFO o.a.j.t.ThreadGroup: Started thread group number 1
2019-05-28 09:53:05,543 INFO o.a.j.e.StandardJMeterEngine: All thread groups have been started
2019-05-28 09:53:05,543 INFO o.a.j.t.JMeterThread: Thread started: Thread Group 1-1
2019-05-28 09:53:05,544 INFO o.a.j.s.FileServer: Stored: modulelist.csv
2019-05-28 09:53:05,554 INFO o.a.j.m.JSR223PreProcessor: ------- ORG is gopkg.in; OWNER is fsnotify.v1; MODULE is null
2019-05-28 09:53:05,554 INFO o.a.j.m.JSR223PreProcessor: Partial path Search String: fsnotify.v1
2019-05-28 09:53:05,564 INFO o.a.j.m.JSR223PreProcessor: Full Path Search String: fsnotify.v1
2019-05-28 09:53:06,230 INFO o.a.j.a.JSR223Assertion: PREFIX_FULLPATH: from module file: null
2019-05-28 09:53:06,242 INFO o.a.j.a.JSR223Assertion: PREFIX_FULLPATH: from module file: null
2019-05-28 09:53:06,243 INFO o.a.j.m.JSR223PreProcessor: ------- ORG is gopkg.in; OWNER is fsnotify.v1; MODULE is null
2019-05-28 09:53:06,243 INFO o.a.j.m.JSR223PreProcessor: Partial path Search String: fsnotify.v1
2019-05-28 09:53:06,244 INFO o.a.j.m.JSR223PreProcessor: Full Path Search String: fsnotify.v1
2019-05-28 09:53:06,638 INFO o.a.j.a.JSR223Assertion: PREFIX_FULLPATH: from module file: null
2019-05-28 09:53:06,648 INFO o.a.j.a.JSR223Assertion: PREFIX_FULLPATH: from module file: null
2019-05-28 09:53:06,648 INFO o.a.j.m.JSR223PreProcessor: ------- ORG is cloud.google.com; OWNER is go; MODULE is null
2019-05-28 09:53:06,648 INFO o.a.j.m.JSR223PreProcessor: Partial path Search String: go
2019-05-28 09:53:06,649 INFO o.a.j.m.JSR223PreProcessor: Full Path Search String: fsnotify.v1
2019-05-28 09:53:06,733 INFO o.a.j.a.JSR223Assertion: PREFIX_FULLPATH: from module file: null
2019-05-28 09:53:06,733 INFO o.a.j.a.JSR223Assertion: PREFIX_PATH: Success: cloud.google.com/go
2019-05-28 09:53:06,746 INFO o.a.j.a.JSR223Assertion: PREFIX_FULLPATH: from module file: null
2019-05-28 09:53:06,747 INFO o.a.j.a.JSR223Assertion: PREFIX_PATH: Success: cloud.google.com/go
2019-05-28 09:53:06,748 INFO o.a.j.m.JSR223PreProcessor: ------- ORG is cloud.google.com; OWNER is go; MODULE is null
2019-05-28 09:53:06,748 INFO o.a.j.m.JSR223PreProcessor: Partial path Search String: go
2019-05-28 09:53:06,748 INFO o.a.j.m.JSR223PreProcessor: Full Path Search String: fsnotify.v1
2019-05-28 09:53:06,813 INFO o.a.j.a.JSR223Assertion: PREFIX_FULLPATH: from module file: null
2019-05-28 09:53:06,813 INFO o.a.j.a.JSR223Assertion: PREFIX_PATH: Success: cloud.google.com/go
2019-05-28 09:53:06,823 INFO o.a.j.a.JSR223Assertion: PREFIX_FULLPATH: from module file: null
2019-05-28 09:53:06,823 INFO o.a.j.a.JSR223Assertion: PREFIX_PATH: Success: cloud.google.com/go
2019-05-28 09:53:06,824 INFO o.a.j.m.JSR223PreProcessor: ------- ORG is github.com; OWNER is fsnotify; MODULE is fsnotify
2019-05-28 09:53:06,824 INFO o.a.j.m.JSR223PreProcessor: Partial path Search String: fsnotify
2019-05-28 09:53:06,824 INFO o.a.j.m.JSR223PreProcessor: Full Path Search String: fsnotify.v1
2019-05-28 09:53:06,900 INFO o.a.j.a.JSR223Assertion: PREFIX_FULLPATH: from module file: null
2019-05-28 09:53:06,900 INFO o.a.j.a.JSR223Assertion: PREFIX_PATH: Success: github.com/fsnotify/fsnotify
2019-05-28 09:53:06,910 INFO o.a.j.a.JSR223Assertion: PREFIX_FULLPATH: from module file: null
2019-05-28 09:53:06,910 INFO o.a.j.a.JSR223Assertion: PREFIX_PATH: Success: github.com/fsnotify/fsnotify
2019-05-28 09:53:06,911 INFO o.a.j.m.JSR223PreProcessor: ------- ORG is github.com; OWNER is fsnotify; MODULE is fsnotify
2019-05-28 09:53:06,911 INFO o.a.j.m.JSR223PreProcessor: Partial path Search String: fsnotify
2019-05-28 09:53:06,911 INFO o.a.j.m.JSR223PreProcessor: Full Path Search String: fsnotify.v1
2019-05-28 09:53:06,975 INFO o.a.j.a.JSR223Assertion: PREFIX_FULLPATH: from module file: null
2019-05-28 09:53:06,975 INFO o.a.j.a.JSR223Assertion: PREFIX_PATH: Success: github.com/fsnotify/fsnotify
2019-05-28 09:53:06,985 INFO o.a.j.a.JSR223Assertion: PREFIX_FULLPATH: from module file: null
2019-05-28 09:53:06,985 INFO o.a.j.a.JSR223Assertion: PREFIX_PATH: Success: github.com/fsnotify/fsnotify
2019-05-28 09:53:06,986 INFO o.a.j.m.JSR223PreProcessor: ------- ORG is collectd.org; OWNER is null; MODULE is null
2019-05-28 09:53:06,986 INFO o.a.j.m.JSR223PreProcessor: Partial path Search String: collectd.org
2019-05-28 09:53:06,986 INFO o.a.j.m.JSR223PreProcessor: Full Path Search String: fsnotify.v1
2019-05-28 09:53:07,035 INFO o.a.j.a.JSR223Assertion: PREFIX_FULLPATH: from module file: null
2019-05-28 09:53:07,045 INFO o.a.j.a.JSR223Assertion: PREFIX_FULLPATH: from module file: null
2019-05-28 09:53:07,046 INFO o.a.j.m.JSR223PreProcessor: ------- ORG is collectd.org; OWNER is null; MODULE is null
2019-05-28 09:53:07,046 INFO o.a.j.m.JSR223PreProcessor: Partial path Search String: collectd.org
2019-05-28 09:53:07,046 INFO o.a.j.m.JSR223PreProcessor: Full Path Search String: fsnotify.v1
2019-05-28 09:53:07,097 INFO o.a.j.a.JSR223Assertion: PREFIX_FULLPATH: from module file: null
2019-05-28 09:53:07,107 INFO o.a.j.a.JSR223Assertion: PREFIX_FULLPATH: from module file: null
2019-05-28 09:53:07,108 INFO o.a.j.m.JSR223PreProcessor: ------- ORG is github.com; OWNER is gobuffalo; MODULE is packr
2019-05-28 09:53:07,108 INFO o.a.j.m.JSR223PreProcessor: Partial path Search String: packr
2019-05-28 09:53:07,108 INFO o.a.j.m.JSR223PreProcessor: Full Path Search String: fsnotify.v1
2019-05-28 09:53:07,185 INFO o.a.j.a.JSR223Assertion: PREFIX_FULLPATH: from module file: null
2019-05-28 09:53:07,194 INFO o.a.j.a.JSR223Assertion: PREFIX_FULLPATH: from module file: null
2019-05-28 09:53:07,195 INFO o.a.j.m.JSR223PreProcessor: ------- ORG is github.com; OWNER is gobuffalo; MODULE is packr
2019-05-28 09:53:07,195 INFO o.a.j.m.JSR223PreProcessor: Partial path Search String: packr
2019-05-28 09:53:07,196 INFO o.a.j.m.JSR223PreProcessor: Full Path Search String: fsnotify.v1
2019-05-28 09:53:07,262 INFO o.a.j.a.JSR223Assertion: PREFIX_FULLPATH: from module file: null
2019-05-28 09:53:07,273 INFO o.a.j.a.JSR223Assertion: PREFIX_FULLPATH: from module file: null
2019-05-28 09:53:07,274 INFO o.a.j.m.JSR223PreProcessor: ------- ORG is github.com; OWNER is gobuffalo; MODULE is packr
2019-05-28 09:53:07,274 INFO o.a.j.m.JSR223PreProcessor: Partial path Search String: packr
2019-05-28 09:53:07,274 INFO o.a.j.m.JSR223PreProcessor: Full Path Search String: fsnotify.v1
2019-05-28 09:53:07,333 INFO o.a.j.a.JSR223Assertion: PREFIX_FULLPATH: from module file: null
2019-05-28 09:53:07,343 INFO o.a.j.a.JSR223Assertion: PREFIX_FULLPATH: from module file: null
2019-05-28 09:53:07,344 INFO o.a.j.m.JSR223PreProcessor: ------- ORG is github.com; OWNER is gobuffalo; MODULE is packr
2019-05-28 09:53:07,344 INFO o.a.j.m.JSR223PreProcessor: Partial path Search String: packr
2019-05-28 09:53:07,344 INFO o.a.j.m.JSR223PreProcessor: Full Path Search String: fsnotify.v1
2019-05-28 09:53:07,405 INFO o.a.j.a.JSR223Assertion: PREFIX_FULLPATH: from module file: null
2019-05-28 09:53:07,415 INFO o.a.j.a.JSR223Assertion: PREFIX_FULLPATH: from module file: null
2019-05-28 09:53:07,416 INFO o.a.j.m.JSR223PreProcessor: ------- ORG is gopkg.in; OWNER is olivere; MODULE is elastic.v3
2019-05-28 09:53:07,416 INFO o.a.j.m.JSR223PreProcessor: Partial path Search String: elastic.v3
2019-05-28 09:53:07,416 INFO o.a.j.m.JSR223PreProcessor: Full Path Search String: fsnotify.v1
2019-05-28 09:53:07,471 INFO o.a.j.a.JSR223Assertion: PREFIX_FULLPATH: from module file: null
2019-05-28 09:53:07,472 INFO o.a.j.a.JSR223Assertion: PREFIX_PATH: Success: gopkg.in/olivere/elastic.v3
2019-05-28 09:53:07,481 INFO o.a.j.a.JSR223Assertion: PREFIX_FULLPATH: from module file: null
2019-05-28 09:53:07,482 INFO o.a.j.a.JSR223Assertion: PREFIX_PATH: Success: gopkg.in/olivere/elastic.v3
2019-05-28 09:53:07,482 INFO o.a.j.m.JSR223PreProcessor: ------- ORG is gopkg.in; OWNER is olivere; MODULE is elastic.v3
2019-05-28 09:53:07,482 INFO o.a.j.m.JSR223PreProcessor: Partial path Search String: elastic.v3
2019-05-28 09:53:07,483 INFO o.a.j.m.JSR223PreProcessor: Full Path Search String: fsnotify.v1
2019-05-28 09:53:07,533 INFO o.a.j.a.JSR223Assertion: PREFIX_FULLPATH: from module file: null
2019-05-28 09:53:07,533 INFO o.a.j.a.JSR223Assertion: PREFIX_PATH: Success: gopkg.in/olivere/elastic.v3
2019-05-28 09:53:07,543 INFO o.a.j.a.JSR223Assertion: PREFIX_FULLPATH: from module file: null
2019-05-28 09:53:07,543 INFO o.a.j.a.JSR223Assertion: PREFIX_PATH: Success: gopkg.in/olivere/elastic.v3
2019-05-28 09:53:07,544 INFO o.a.j.m.JSR223PreProcessor: ------- ORG is go.opencensus.io; OWNER is null; MODULE is null
2019-05-28 09:53:07,544 INFO o.a.j.m.JSR223PreProcessor: Partial path Search String: go.opencensus.io
2019-05-28 09:53:07,544 INFO o.a.j.m.JSR223PreProcessor: Full Path Search String: fsnotify.v1
2019-05-28 09:53:07,616 INFO o.a.j.a.JSR223Assertion: PREFIX_FULLPATH: from module file: null
2019-05-28 09:53:07,616 INFO o.a.j.a.JSR223Assertion: PREFIX_PATH: Success: go.opencensus.io
2019-05-28 09:53:07,627 INFO o.a.j.a.JSR223Assertion: PREFIX_FULLPATH: from module file: null
2019-05-28 09:53:07,627 INFO o.a.j.a.JSR223Assertion: PREFIX_PATH: Success: go.opencensus.io
2019-05-28 09:53:07,627 INFO o.a.j.m.JSR223PreProcessor: ------- ORG is go.opencensus.io; OWNER is null; MODULE is null
2019-05-28 09:53:07,628 INFO o.a.j.m.JSR223PreProcessor: Partial path Search String: go.opencensus.io
2019-05-28 09:53:07,628 INFO o.a.j.m.JSR223PreProcessor: Full Path Search String: fsnotify.v1
2019-05-28 09:53:07,850 INFO o.a.j.a.JSR223Assertion: PREFIX_FULLPATH: from module file: null
2019-05-28 09:53:07,850 INFO o.a.j.a.JSR223Assertion: PREFIX_PATH: Success: go.opencensus.io
2019-05-28 09:53:07,858 INFO o.a.j.a.JSR223Assertion: PREFIX_FULLPATH: from module file: null
2019-05-28 09:53:07,859 INFO o.a.j.a.JSR223Assertion: PREFIX_PATH: Success: go.opencensus.io
2019-05-28 09:53:07,859 INFO o.a.j.m.JSR223PreProcessor: ------- ORG is go.uber.org; OWNER is zap; MODULE is null
2019-05-28 09:53:07,859 INFO o.a.j.m.JSR223PreProcessor: Partial path Search String: zap
2019-05-28 09:53:07,859 INFO o.a.j.m.JSR223PreProcessor: Full Path Search String: fsnotify.v1
2019-05-28 09:53:07,910 INFO o.a.j.a.JSR223Assertion: PREFIX_FULLPATH: from module file: null
2019-05-28 09:53:07,910 INFO o.a.j.a.JSR223Assertion: PREFIX_PATH: Success: go.uber.org/zap
2019-05-28 09:53:07,920 INFO o.a.j.a.JSR223Assertion: PREFIX_FULLPATH: from module file: null
2019-05-28 09:53:07,920 INFO o.a.j.a.JSR223Assertion: PREFIX_PATH: Success: go.uber.org/zap
2019-05-28 09:53:07,921 INFO o.a.j.m.JSR223PreProcessor: ------- ORG is go.uber.org; OWNER is zap; MODULE is null
2019-05-28 09:53:07,921 INFO o.a.j.m.JSR223PreProcessor: Partial path Search String: zap
2019-05-28 09:53:07,921 INFO o.a.j.m.JSR223PreProcessor: Full Path Search String: fsnotify.v1
2019-05-28 09:53:07,979 INFO o.a.j.a.JSR223Assertion: PREFIX_FULLPATH: from module file: null
2019-05-28 09:53:07,979 INFO o.a.j.a.JSR223Assertion: PREFIX_PATH: Success: go.uber.org/zap
2019-05-28 09:53:07,989 INFO o.a.j.a.JSR223Assertion: PREFIX_FULLPATH: from module file: null
2019-05-28 09:53:07,990 INFO o.a.j.a.JSR223Assertion: PREFIX_PATH: Success: go.uber.org/zap
2019-05-28 09:53:07,990 INFO o.a.j.m.JSR223PreProcessor: ------- ORG is github.com; OWNER is vardius; MODULE is gorouter
2019-05-28 09:53:07,990 INFO o.a.j.m.JSR223PreProcessor: Partial path Search String: gorouter
2019-05-28 09:53:07,991 INFO o.a.j.m.JSR223PreProcessor: Full Path Search String: fsnotify.v1
2019-05-28 09:53:08,050 INFO o.a.j.a.JSR223Assertion: PREFIX_FULLPATH: from module file: null
2019-05-28 09:53:08,060 INFO o.a.j.a.JSR223Assertion: PREFIX_FULLPATH: from module file: null
2019-05-28 09:53:08,061 INFO o.a.j.m.JSR223PreProcessor: ------- ORG is github.com; OWNER is vardius; MODULE is gorouter
2019-05-28 09:53:08,061 INFO o.a.j.m.JSR223PreProcessor: Partial path Search String: gorouter
2019-05-28 09:53:08,061 INFO o.a.j.m.JSR223PreProcessor: Full Path Search String: fsnotify.v1
2019-05-28 09:53:08,121 INFO o.a.j.a.JSR223Assertion: PREFIX_FULLPATH: from module file: null
2019-05-28 09:53:08,130 INFO o.a.j.a.JSR223Assertion: PREFIX_FULLPATH: from module file: null
2019-05-28 09:53:08,130 INFO o.a.j.t.JMeterThread: Stop Thread seen for thread Thread Group 1-1, reason: org.apache.jorphan.util.JMeterStopThreadException: End of file:modulelist.csv detected for CSV DataSet:CSV Data Set Config configured with stopThread:true, recycle:false
2019-05-28 09:53:08,130 INFO o.a.j.t.JMeterThread: Thread finished: Thread Group 1-1
2019-05-28 09:53:08,131 INFO o.a.j.e.StandardJMeterEngine: Notifying test listeners of end of test
2019-05-28 09:53:08,131 INFO o.a.j.s.FileServer: Close: modulelist.csv
2019-05-28 09:53:08,131 INFO o.a.j.g.u.JMeterMenuBar: setRunning(false, *local*)
